<?xml version="1.0" encoding="UTF-8"?>
<!-- Generated by org.testng.reporters.JUnitReportReporter -->
<testsuite hostname="USHYDMUDINESH4" failures="1" tests="6" name="cucumberOptions.TestNGTestRunner" time="193.299" errors="0" timestamp="2024-02-07T16:46:13 IST" skipped="0">
  <testcase classname="cucumberOptions.TestNGTestRunner" name="runScenario" time="34.056"/>
  <testcase classname="cucumberOptions.TestNGTestRunner" name="runScenario" time="31.671"/>
  <testcase classname="cucumberOptions.TestNGTestRunner" name="runScenario" time="36.407"/>
  <testcase classname="cucumberOptions.TestNGTestRunner" name="runScenario" time="30.031"/>
  <testcase classname="cucumberOptions.TestNGTestRunner" name="runScenario" time="30.896">
    <failure message="expected [No data] but found [Beetroot]" type="java.lang.AssertionError">
      <![CDATA[java.lang.AssertionError: expected [No data] but found [Beetroot]
at org.testng.Assert.fail(Assert.java:111)
at org.testng.Assert.failNotEquals(Assert.java:1578)
at org.testng.Assert.assertEqualsImpl(Assert.java:150)
at org.testng.Assert.assertEquals(Assert.java:132)
at org.testng.Assert.assertEquals(Assert.java:656)
at org.testng.Assert.assertEquals(Assert.java:666)
at stepDefinitions.OffersPageStepDefinitions.user_searched_for_same_shortname_in_offers_page_to_check_if_product_exist1(OffersPageStepDefinitions.java:74)
at âœ½.user searched for Beet shortname in offers page to check if product exist with same name(file:///C:/Users/MuDinesh/eclipse-workspace/GradleProject_Automation/lib/src/test/java/features/searchProduct.feature:11)
]]>
    </failure>
  </testcase> <!-- runScenario -->
  <testcase classname="cucumberOptions.TestNGTestRunner" name="runScenario" time="30.238"/>
</testsuite> <!-- cucumberOptions.TestNGTestRunner -->
